c:\users\v-guoql\desktop\opensource\lightdwe\distributed_word_embedding\windows\distributed_word_embedding\x64\release\vc120.pdb
c:\users\v-guoql\desktop\opensource\lightdwe\distributed_word_embedding\windows\distributed_word_embedding\x64\release\word_embedding.obj
c:\users\v-guoql\desktop\opensource\lightdwe\distributed_word_embedding\windows\distributed_word_embedding\x64\release\util.obj
c:\users\v-guoql\desktop\opensource\lightdwe\distributed_word_embedding\windows\distributed_word_embedding\x64\release\trainer.obj
c:\users\v-guoql\desktop\opensource\lightdwe\distributed_word_embedding\windows\distributed_word_embedding\x64\release\reader.obj
c:\users\v-guoql\desktop\opensource\lightdwe\distributed_word_embedding\windows\distributed_word_embedding\x64\release\parameter_loader.obj
c:\users\v-guoql\desktop\opensource\lightdwe\distributed_word_embedding\windows\distributed_word_embedding\x64\release\memory_manager.obj
c:\users\v-guoql\desktop\opensource\lightdwe\distributed_word_embedding\windows\distributed_word_embedding\x64\release\main.obj
c:\users\v-guoql\desktop\opensource\lightdwe\distributed_word_embedding\windows\distributed_word_embedding\x64\release\huffman_encoder.obj
c:\users\v-guoql\desktop\opensource\lightdwe\distributed_word_embedding\windows\distributed_word_embedding\x64\release\distributed_wordembedding.obj
c:\users\v-guoql\desktop\opensource\lightdwe\distributed_word_embedding\windows\distributed_word_embedding\x64\release\dictionary.obj
c:\users\v-guoql\desktop\opensource\lightdwe\distributed_word_embedding\windows\distributed_word_embedding\x64\release\data_block.obj
c:\users\v-guoql\desktop\opensource\lightdwe\distributed_word_embedding\windows\distributed_word_embedding\x64\release\distributed_word_embedding.exe
c:\users\v-guoql\desktop\opensource\lightdwe\distributed_word_embedding\windows\distributed_word_embedding\x64\release\distributed_word_embedding.pdb
c:\users\v-guoql\desktop\opensource\lightdwe\distributed_word_embedding\windows\distributed_word_embedding\x64\release\distribu.8cb94c32.tlog\cl.command.1.tlog
c:\users\v-guoql\desktop\opensource\lightdwe\distributed_word_embedding\windows\distributed_word_embedding\x64\release\distribu.8cb94c32.tlog\cl.read.1.tlog
c:\users\v-guoql\desktop\opensource\lightdwe\distributed_word_embedding\windows\distributed_word_embedding\x64\release\distribu.8cb94c32.tlog\cl.write.1.tlog
c:\users\v-guoql\desktop\opensource\lightdwe\distributed_word_embedding\windows\distributed_word_embedding\x64\release\distribu.8cb94c32.tlog\link.command.1.tlog
c:\users\v-guoql\desktop\opensource\lightdwe\distributed_word_embedding\windows\distributed_word_embedding\x64\release\distribu.8cb94c32.tlog\link.read.1.tlog
c:\users\v-guoql\desktop\opensource\lightdwe\distributed_word_embedding\windows\distributed_word_embedding\x64\release\distribu.8cb94c32.tlog\link.write.1.tlog
